-------------------------------------------------------------------------------
Test set: com.techproject.runner.TestRunner
-------------------------------------------------------------------------------
Tests run: 1, Failures: 0, Errors: 1, Skipped: 0, Time elapsed: 0.349 s <<< FAILURE! - in com.techproject.runner.TestRunner
initializationError(com.techproject.runner.TestRunner)  Time elapsed: 0.005 s  <<< ERROR!
io.cucumber.core.gherkin.FeatureParserException: 
Failed to parse resource at: classpath:features/employee.feature
(1:1): expected: #EOF, #Language, #TagLine, #FeatureLine, #Comment, #Empty, got 'Employee Features'

