<?xml version="1.0" encoding="UTF-8"?>
<testsuite xmlns:xsi="http://www.w3.org/2001/XMLSchema-instance" xsi:noNamespaceSchemaLocation="https://maven.apache.org/surefire/maven-surefire-plugin/xsd/surefire-test-report.xsd" name="com.techproject.runner.TestRunner" time="6.041" tests="4" errors="0" skipped="0" failures="0">
  <properties>
[...]
</properties>
  <testcase name="As a Manager I want to view reimbursement requests" classname="Manager should be able to view the reimbursement requests, accept/reject it and log out" time="0.356"/>
  <testcase name="As a Manager I want to be able to reject the requests" classname="Manager should be able to view the reimbursement requests, accept/reject it and log out" time="1.434"/>
  <testcase name="As a Manager I want to be able to accept the requests" classname="Manager should be able to view the reimbursement requests, accept/reject it and log out" time="1.294"/>
  <testcase name="As a manager I want to sign out of my custom homepages" classname="Manager should be able to view the reimbursement requests, accept/reject it and log out" time="0.17"/>
</testsuite>